Student Name: CORKER, CARTER, Grade: 4, Classroom: 105, Teacher Name: HANTZ, JED
Student Name: BREVO, JANNETTE, Grade: 6, Classroom: 111, Teacher Name: NISTENDIRK, NANCY
Student Name: THEUNISSEN, GRACE, Bus: 54
Student Name: KOZOLA, BUSTER, Bus: 55
Students in KERBS's class:
	RACANELLO, NOEL
	CORONADO, DIMPLE
	BOYTER, WAN
	KEMERER, ROSETTA
	DEMARTINI, DEWAYNE
Students in GAMBREL's class:
	SCHOENECKER, PHUONG
	CLECKLER, FLOY
	KRAKE, VALENTIN
	CREMEANS, RANDOLPH
	KREESE, CARRIE
Students in TEACHERNAME's class:
Students in grade 2:
	WOOLERY, NOLAN
	VILARDO, EMMANUEL
	LIBRANDI, TODD
	HAVIR, BOBBIE
	SARAO, DIEDRA
	VANCOTT, MIKE
	WICINSKY, TERESE
	KOZOLA, BUSTER
	MULLINGS, LEIGHANN
	BUSSMANN, BILLY
	BERBES, DICK
	MULGREW, RANDELL
	TOWLEY, LANE
Students in grade 3:
	COOKUS, XUAN
	ELHADDAD, SHANTE
	BRODERSEN, HYE
	SWEDLUND, SHARRI
	CIGANEK, MANIE
	COVINGTON, TOMAS
	EARLY, TORY
	LINHART, LELA
	THEUNISSEN, GRACE
Student with highest GPA in grade 3: SWEDLUND, SHARRI, GPA: 3.24, Teacher: FAFARD, ROCIO, Bus route: 55
Student with highest GPA in grade 4: CORKER, CARTER, GPA: 3.12, Teacher: HANTZ, JED, Bus route: 53
Student with lowest GPA in grade 1: SAELEE, DANILO, GPA: 2.85, Teacher: FALKER, ADOLPH, Bus route: 54
Student with lowest GPA in grade 2: KOZOLA, BUSTER, GPA: 2.76, Teacher: HAMER, GAVIN, Bus route: 55
There are no students in grade 5
There are no students in grade -1
Students on bus route 51:
	Student Name: WOOLERY, NOLAN, grade: 2, classroom: 104
	Student Name: STERBACK, PETER, grade: 6, classroom: 111
	Student Name: LIBRANDI, TODD, grade: 2, classroom: 108
	Student Name: RAPOSE, ALONZO, grade: 4, classroom: 105
	Student Name: COVINGTON, TOMAS, grade: 3, classroom: 107
	Student Name: MULLINGS, LEIGHANN, grade: 2, classroom: 108
	Student Name: DURAND, CARLEE, grade: 4, classroom: 101
	Student Name: FRIEDSTROM, REED, grade: 6, classroom: 106
Students on bus route 55:
	Student Name: SWEDLUND, SHARRI, grade: 3, classroom: 107
	Student Name: ZAPPAVIGNA, ELLIOTT, grade: 6, classroom: 106
	Student Name: SAENPHIMMACHA, NUMBERS, grade: 6, classroom: 111
	Student Name: BOYTER, WAN, grade: 6, classroom: 102
	Student Name: KOZOLA, BUSTER, grade: 2, classroom: 108
	Student Name: DEMARTINI, DEWAYNE, grade: 6, classroom: 102
	Student Name: BEX, TAMESHA, grade: 4, classroom: 105
	Student Name: WERST, LEON, grade: 6, classroom: 111
	Student Name: LAMKIN, TAMA, grade: 6, classroom: 111
Students on bus route 1000:
For grade 2, the average GPA is: 2.95
For grade 3, the average GPA is: 3.05
For grade 10, the average GPA is: 0.00
School information:
	In grade 0, there are: 0 students
	In grade 1, there are: 2 students
	In grade 2, there are: 13 students
	In grade 3, there are: 9 students
	In grade 4, there are: 15 students
	In grade 5, there are: 0 students
	In grade 6, there are: 21 students
School information:
	In grade 0, there are: 0 students
	In grade 1, there are: 2 students
	In grade 2, there are: 13 students
	In grade 3, there are: 9 students
	In grade 4, there are: 15 students
	In grade 5, there are: 0 students
	In grade 6, there are: 21 students
